cx was null, cy was 1
s.length 1 s="
"
cx was NaN, cy was Infinity
cx now NaN, cy now Infinity
cx now NaN, cy now Infinity
s.length 3 s="000"
cx was NaN, cy was Infinity
s.length 1 s=" "
cx now NaN, cy now Infinity
cx was NaN, cy was Infinity
s.length 3 s="001"
s.length 1 s=" "
cx was NaN, cy was Infinity
cx now NaN, cy now Infinity
cx was NaN, cy was Infinity
cx now NaN, cy now Infinity
s.length 3 s="002"
cx now NaN, cy now Infinity
cx was NaN, cy was Infinity
s.length 1 s=" "
cx now NaN, cy now Infinity
cx was NaN, cy was Infinity
cx now NaN, cy now Infinity
s.length 1 s=" "
cx was NaN, cy was Infinity
s.length 3 s="003"
cx now NaN, cy now Infinity
cx was NaN, cy was Infinity
s.length 3 s="004"
cx now NaN, cy now Infinity
cx was NaN, cy was Infinity
cx now NaN, cy now Infinity
cx was NaN, cy was Infinity
s.length 1 s=" "
s.length 3 s="005"
cx now NaN, cy now Infinity
cx was NaN, cy was Infinity
s.length 1 s=" "
cx now NaN, cy now Infinity
cx was NaN, cy was Infinity
s.length 3 s="006"
cx now NaN, cy now Infinity
cx was NaN, cy was Infinity
s.length 1 s=" "
cx now NaN, cy now Infinity
cx was NaN, cy was Infinity
s.length 3 s="007"
cx now NaN, cy now Infinity
cx was NaN, cy was Infinity
cx now NaN, cy now Infinity
cx was NaN, cy was Infinity
s.length 1 s="
"
s.length 1 s=" "
cx now NaN, cy now Infinity
cx was NaN, cy was Infinity
s.length 3 s="008"
cx now NaN, cy now Infinity
cx was NaN, cy was Infinity
s.length 1 s=" "
cx now NaN, cy now Infinity
cx was NaN, cy was Infinity
s.length 3 s="009"
cx was NaN, cy was Infinity
s.length 1 s=" "
cx now NaN, cy now Infinity
cx now NaN, cy now Infinity
cx was NaN, cy was Infinity
cx now NaN, cy now Infinity
cx was NaN, cy was Infinity
s.length 1 s=" "
s.length 3 s="010"
cx now NaN, cy now Infinity
s.length 3 s="011"
cx now NaN, cy now Infinity
cx was NaN, cy was Infinity
cx was NaN, cy was Infinity
s.length 1 s=" "
cx now NaN, cy now Infinity
cx was NaN, cy was Infinity
s.length 3 s="012"
cx now NaN, cy now Infinity
cx was NaN, cy was Infinity
cx now NaN, cy now Infinity
s.length 1 s=" "
cx was NaN, cy was Infinity
s.length 3 s="013"
cx now NaN, cy now Infinity
cx was NaN, cy was Infinity
cx now NaN, cy now Infinity
cx was NaN, cy was Infinity
s.length 3 s="014"
cx now NaN, cy now Infinity
cx was NaN, cy was Infinity
s.length 1 s=" "
s.length 1 s=" "
cx now NaN, cy now Infinity
s.length 3 s="015"
cx was NaN, cy was Infinity
cx now NaN, cy now Infinity
cx was NaN, cy was Infinity
s.length 1 s=" "
cx was NaN, cy was Infinity
cx now NaN, cy now Infinity
s.length 1 s="
"
cx now NaN, cy now Infinity
cx was NaN, cy was Infinity
cx now NaN, cy now Infinity
s.length 3 s="016"
s.length 1 s=" "
cx now NaN, cy now Infinity
cx was NaN, cy was Infinity
s.length 3 s="017"
cx now NaN, cy now Infinity
cx was NaN, cy was Infinity
cx was NaN, cy was Infinity
s.length 1 s=" "
cx now NaN, cy now Infinity
cx was NaN, cy was Infinity
s.length 3 s="018"
cx now NaN, cy now Infinity
s.length 1 s=" "
cx now NaN, cy now Infinity
cx was NaN, cy was Infinity
cx was NaN, cy was Infinity
s.length 3 s="019"
cx now NaN, cy now Infinity
cx was NaN, cy was Infinity
s.length 1 s=" "
cx now NaN, cy now Infinity
cx was NaN, cy was Infinity
s.length 3 s="020"
cx now NaN, cy now Infinity
cx was NaN, cy was Infinity
cx now NaN, cy now Infinity
s.length 1 s=" "
s.length 3 s="021"
cx now NaN, cy now Infinity
cx was NaN, cy was Infinity
s.length 1 s=" "
cx now NaN, cy now Infinity
cx was NaN, cy was Infinity
cx was NaN, cy was Infinity
s.length 3 s="022"
cx now NaN, cy now Infinity
cx now NaN, cy now Infinity
s.length 1 s=" "
cx was NaN, cy was Infinity
cx now NaN, cy now Infinity
s.length 3 s="023"
cx was NaN, cy was Infinity
s.length 1 s=" "
cx was NaN, cy was Infinity
cx now NaN, cy now Infinity
cx was NaN, cy was Infinity
s.length 3 s="024"
cx now NaN, cy now Infinity
cx was NaN, cy was Infinity
s.length 1 s=" "
cx was NaN, cy was Infinity
cx now NaN, cy now Infinity
s.length 3 s="025"
cx now NaN, cy now Infinity
cx was NaN, cy was Infinity
cx now NaN, cy now Infinity
s.length 1 s=" "
cx was NaN, cy was Infinity
s.length 3 s="026"
cx now NaN, cy now Infinity
cx was NaN, cy was Infinity
s.length 1 s=" "
cx now NaN, cy now Infinity
cx was NaN, cy was Infinity
s.length 3 s="027"
cx was NaN, cy was Infinity
cx now NaN, cy now Infinity
s.length 1 s=" "
cx now NaN, cy now Infinity
cx was NaN, cy was Infinity
s.length 3 s="028"
cx now NaN, cy now Infinity
s.length 1 s=" "
cx was NaN, cy was Infinity
cx was NaN, cy was Infinity
cx now NaN, cy now Infinity
s.length 3 s="029"
cx now NaN, cy now Infinity
cx was NaN, cy was Infinity
s.length 1 s=" "
cx now NaN, cy now Infinity
cx was NaN, cy was Infinity
s.length 3 s="030"
cx now NaN, cy now Infinity
cx was NaN, cy was Infinity
s.length 1 s=" "
s.length 3 s="031"
cx now NaN, cy now Infinity
cx was NaN, cy was Infinity
cx was NaN, cy was Infinity
cx now NaN, cy now Infinity
cx now NaN, cy now Infinity
s.length 1 s=" "
s.length 3 s="032"
cx was NaN, cy was Infinity
cx now NaN, cy now Infinity
cx was NaN, cy was Infinity
s.length 1 s=" "
cx now NaN, cy now Infinity
cx was NaN, cy was Infinity
s.length 3 s="033"
cx now NaN, cy now Infinity
cx was NaN, cy was Infinity
s.length 1 s=" "
cx now NaN, cy now Infinity
cx was NaN, cy was Infinity
s.length 3 s="034"
cx now NaN, cy now Infinity
cx was NaN, cy was Infinity
s.length 1 s=" "
cx now NaN, cy now Infinity
cx was NaN, cy was Infinity
s.length 3 s="035"
cx now NaN, cy now Infinity
s.length 1 s=" "
cx now NaN, cy now Infinity
cx was NaN, cy was Infinity
cx was NaN, cy was Infinity
s.length 3 s="036"
cx now NaN, cy now Infinity
cx was NaN, cy was Infinity
s.length 1 s=" "
cx now NaN, cy now Infinity
cx was NaN, cy was Infinity
s.length 3 s="037"
cx now NaN, cy now Infinity
cx was NaN, cy was Infinity
cx now NaN, cy now Infinity
s.length 1 s=" "
cx was NaN, cy was Infinity
cx now NaN, cy now Infinity
s.length 3 s="038"
cx was NaN, cy was Infinity
s.length 1 s=" "
cx now NaN, cy now Infinity
cx was NaN, cy was Infinity
s.length 3 s="039"
cx now NaN, cy now Infinity
cx was NaN, cy was Infinity
s.length 1 s=" "
cx now NaN, cy now Infinity
cx was NaN, cy was Infinity
s.length 3 s="040"
cx now NaN, cy now Infinity
s.length 1 s=" "
cx now NaN, cy now Infinity
cx was NaN, cy was Infinity
s.length 3 s="041"
cx was NaN, cy was Infinity
cx now NaN, cy now Infinity
cx was NaN, cy was Infinity
s.length 1 s=" "
cx now NaN, cy now Infinity
s.length 3 s="042"
cx was NaN, cy was Infinity
cx now NaN, cy now Infinity
s.length 1 s=" "
cx was NaN, cy was Infinity
cx now NaN, cy now Infinity
cx was NaN, cy was Infinity
s.length 3 s="043"
cx now NaN, cy now Infinity
s.length 1 s=" "
cx was NaN, cy was Infinity
cx now NaN, cy now Infinity
cx was NaN, cy was Infinity
s.length 3 s="044"
cx now NaN, cy now Infinity
cx was NaN, cy was Infinity
s.length 1 s=" "
cx was NaN, cy was Infinity
s.length 3 s="045"
cx now NaN, cy now Infinity
cx was NaN, cy was Infinity
s.length 1 s=" "
cx now NaN, cy now Infinity
cx now NaN, cy now Infinity
s.length 3 s="046"
cx was NaN, cy was Infinity
cx now NaN, cy now Infinity
cx was NaN, cy was Infinity
s.length 1 s=" "
cx was NaN, cy was Infinity
s.length 3 s="047"
cx now NaN, cy now Infinity
s.length 1 s=" "
cx now NaN, cy now Infinity
cx now NaN, cy now Infinity
cx was NaN, cy was Infinity
cx was NaN, cy was Infinity
s.length 3 s="048"
cx was NaN, cy was Infinity
s.length 1 s=" "
cx now NaN, cy now Infinity
cx now NaN, cy now Infinity
s.length 3 s="049"
cx was NaN, cy was Infinity
cx now NaN, cy now Infinity
cx was NaN, cy was Infinity
s.length 1 s=" "
cx was NaN, cy was Infinity
cx now NaN, cy now Infinity
s.length 3 s="050"
cx was NaN, cy was Infinity
cx now NaN, cy now Infinity
cx now NaN, cy now Infinity
s.length 1 s=" "
cx was NaN, cy was Infinity
cx now NaN, cy now Infinity
s.length 3 s="051"
cx was NaN, cy was Infinity
cx now NaN, cy now Infinity
cx was NaN, cy was Infinity
s.length 1 s="
"
cx now NaN, cy now Infinity
s.length 1 s=" "
cx was NaN, cy was Infinity
s.length 3 s="052"
cx now NaN, cy now Infinity
cx was NaN, cy was Infinity
s.length 1 s=" "
cx was NaN, cy was Infinity
s.length 3 s="053"
cx now NaN, cy now Infinity
cx now NaN, cy now Infinity
cx was NaN, cy was Infinity
cx now NaN, cy now Infinity
cx was NaN, cy was Infinity
s.length 3 s="054"
s.length 1 s=" "
cx now NaN, cy now Infinity
cx was NaN, cy was Infinity
s.length 1 s=" "
cx now NaN, cy now Infinity
s.length 3 s="055"
cx now NaN, cy now Infinity
cx was NaN, cy was Infinity
cx was NaN, cy was Infinity
s.length 1 s=" "
cx now NaN, cy now Infinity
s.length 3 s="056"
cx now NaN, cy now Infinity
cx was NaN, cy was Infinity
s.length 1 s=" "
cx was NaN, cy was Infinity
cx now NaN, cy now Infinity
cx was NaN, cy was Infinity
s.length 3 s="057"
cx now NaN, cy now Infinity
cx now NaN, cy now Infinity
cx was NaN, cy was Infinity
cx was NaN, cy was Infinity
s.length 1 s=" "
cx now NaN, cy now Infinity
s.length 3 s="058"
cx was NaN, cy was Infinity
s.length 1 s=" "
cx was NaN, cy was Infinity
cx now NaN, cy now Infinity
s.length 3 s="059"
cx now NaN, cy now Infinity
cx was NaN, cy was Infinity
cx now NaN, cy now Infinity
cx was NaN, cy was Infinity
s.length 3 s="060"
cx now NaN, cy now Infinity
s.length 1 s=" "
s.length 1 s=" "
cx was NaN, cy was Infinity
cx now NaN, cy now Infinity
cx was NaN, cy was Infinity
s.length 3 s="061"
cx now NaN, cy now Infinity
cx was NaN, cy was Infinity
s.length 1 s=" "
cx now NaN, cy now Infinity
cx was NaN, cy was Infinity
s.length 3 s="062"
cx now NaN, cy now Infinity
cx was NaN, cy was Infinity
s.length 1 s=" "
cx now NaN, cy now Infinity
cx was NaN, cy was Infinity
cx now NaN, cy now Infinity
s.length 3 s="063"
cx was NaN, cy was Infinity
s.length 1 s=" "
cx now NaN, cy now Infinity
cx was NaN, cy was Infinity
cx now NaN, cy now Infinity
s.length 3 s="064"
cx was NaN, cy was Infinity
s.length 1 s=" "
cx now NaN, cy now Infinity
cx was NaN, cy was Infinity
cx now NaN, cy now Infinity
cx was NaN, cy was Infinity
s.length 1 s=" "
cx now NaN, cy now Infinity
s.length 3 s="065"
cx was NaN, cy was Infinity
s.length 3 s="066"
cx now NaN, cy now Infinity
cx was NaN, cy was Infinity
cx now NaN, cy now Infinity
cx was NaN, cy was Infinity
s.length 3 s="067"
cx now NaN, cy now Infinity
cx was NaN, cy was Infinity
cx now NaN, cy now Infinity
s.length 1 s=" "
s.length 1 s=" "
cx was NaN, cy was Infinity
s.length 3 s="068"
cx now NaN, cy now Infinity
cx now NaN, cy now Infinity
cx was NaN, cy was Infinity
cx was NaN, cy was Infinity
s.length 3 s="069"
cx now NaN, cy now Infinity
s.length 1 s=" "
cx was NaN, cy was Infinity
s.length 1 s=" "
cx was NaN, cy was Infinity
cx now NaN, cy now Infinity
s.length 3 s="070"
cx now NaN, cy now Infinity
cx now NaN, cy now Infinity
s.length 1 s=" "
cx was NaN, cy was Infinity
s.length 3 s="071"
cx now NaN, cy now Infinity
cx was NaN, cy was Infinity
cx was NaN, cy was Infinity
s.length 1 s=" "
cx now NaN, cy now Infinity
s.length 3 s="072"
cx was NaN, cy was Infinity
cx now NaN, cy now Infinity
s.length 1 s=" "
cx was NaN, cy was Infinity
cx now NaN, cy now Infinity
cx was NaN, cy was Infinity
s.length 3 s="073"
cx now NaN, cy now Infinity
cx was NaN, cy was Infinity
s.length 1 s=" "
cx now NaN, cy now Infinity
cx was NaN, cy was Infinity
s.length 3 s="074"
cx now NaN, cy now Infinity
s.length 1 s=" "
cx now NaN, cy now Infinity
cx was NaN, cy was Infinity
cx was NaN, cy was Infinity
s.length 3 s="075"
cx now NaN, cy now Infinity
s.length 1 s=" "
cx now NaN, cy now Infinity
cx was NaN, cy was Infinity
cx was NaN, cy was Infinity
s.length 3 s="076"
cx now NaN, cy now Infinity
cx now NaN, cy now Infinity
cx was NaN, cy was Infinity
cx was NaN, cy was Infinity
s.length 3 s="077"
cx now NaN, cy now Infinity
s.length 1 s=" "
s.length 1 s=" "
cx was NaN, cy was Infinity
cx now NaN, cy now Infinity
cx was NaN, cy was Infinity
s.length 3 s="078"
cx was NaN, cy was Infinity
cx now NaN, cy now Infinity
s.length 1 s=" "
cx now NaN, cy now Infinity
s.length 3 s="079"
cx was NaN, cy was Infinity
cx now NaN, cy now Infinity
s.length 1 s=" "
cx was NaN, cy was Infinity
cx now NaN, cy now Infinity
cx was NaN, cy was Infinity
s.length 3 s="080"
cx now NaN, cy now Infinity
s.length 1 s=" "
cx was NaN, cy was Infinity
cx now NaN, cy now Infinity
cx was NaN, cy was Infinity
s.length 3 s="081"
cx now NaN, cy now Infinity
cx was NaN, cy was Infinity
cx now NaN, cy now Infinity
s.length 1 s=" "
cx was NaN, cy was Infinity
cx now NaN, cy now Infinity
s.length 3 s="082"
cx was NaN, cy was Infinity
cx now NaN, cy now Infinity
s.length 1 s=" "
s.length 3 s="083"
cx was NaN, cy was Infinity
cx now NaN, cy now Infinity
cx was NaN, cy was Infinity
s.length 1 s=" "
cx now NaN, cy now Infinity
cx was NaN, cy was Infinity
s.length 3 s="084"
cx now NaN, cy now Infinity
cx was NaN, cy was Infinity
cx now NaN, cy now Infinity
s.length 1 s=" "
cx was NaN, cy was Infinity
s.length 3 s="085"
cx was NaN, cy was Infinity
s.length 1 s=" "
cx now NaN, cy now Infinity
cx now NaN, cy now Infinity
cx was NaN, cy was Infinity
s.length 3 s="086"
cx now NaN, cy now Infinity
cx was NaN, cy was Infinity
s.length 1 s=" "
cx now NaN, cy now Infinity
s.length 3 s="087"
cx now NaN, cy now Infinity
cx was NaN, cy was Infinity
s.length 1 s=" "
cx now NaN, cy now Infinity
cx was NaN, cy was Infinity
s.length 1 s="
"
cx was NaN, cy was Infinity
cx now NaN, cy now Infinity
s.length 3 s="088"
cx now NaN, cy now Infinity
cx was NaN, cy was Infinity
s.length 1 s=" "
cx now NaN, cy now Infinity
cx was NaN, cy was Infinity
s.length 3 s="089"
cx now NaN, cy now Infinity
cx was NaN, cy was Infinity
s.length 1 s=" "
cx was NaN, cy was Infinity
cx now NaN, cy now Infinity
s.length 3 s="090"
cx now NaN, cy now Infinity
cx was NaN, cy was Infinity
s.length 1 s=" "
cx now NaN, cy now Infinity
s.length 3 s="091"
cx was NaN, cy was Infinity
cx now NaN, cy now Infinity
cx was NaN, cy was Infinity
s.length 1 s=" "
cx was NaN, cy was Infinity
s.length 3 s="092"
cx now NaN, cy now Infinity
cx was NaN, cy was Infinity
cx now NaN, cy now Infinity
cx was NaN, cy was Infinity
s.length 1 s=" "
cx now NaN, cy now Infinity
cx now NaN, cy now Infinity
cx was NaN, cy was Infinity
s.length 1 s=" "
cx was NaN, cy was Infinity
cx now NaN, cy now Infinity
cx was NaN, cy was Infinity
s.length 3 s="094"
s.length 3 s="093"
cx now NaN, cy now Infinity
cx was NaN, cy was Infinity
s.length 1 s=" "
cx now NaN, cy now Infinity
s.length 3 s="095"
cx now NaN, cy now Infinity
cx was NaN, cy was Infinity
s.length 1 s=" "
cx was NaN, cy was Infinity
cx now NaN, cy now Infinity
cx was NaN, cy was Infinity
cx now NaN, cy now Infinity
s.length 3 s="096"
s.length 1 s=" "
cx now NaN, cy now Infinity
cx was NaN, cy was Infinity
s.length 3 s="097"
cx was NaN, cy was Infinity
cx now NaN, cy now Infinity
cx was NaN, cy was Infinity
cx now NaN, cy now Infinity
cx was NaN, cy was Infinity
s.length 1 s=" "
s.length 3 s="098"
cx now NaN, cy now Infinity
cx was NaN, cy was Infinity
cx now NaN, cy now Infinity
cx was NaN, cy was Infinity
s.length 1 s=" "
s.length 3 s="099"
cx now NaN, cy now Infinity
cx was NaN, cy was Infinity
s.length 1 s=" "
cx now NaN, cy now Infinity
cx now NaN, cy now Infinity
cx was NaN, cy was Infinity
cx was NaN, cy was Infinity
s.length 3 s="100"
cx now NaN, cy now Infinity
s.length 1 s=" "
cx was NaN, cy was Infinity
s.length 3 s="101"
cx now NaN, cy now Infinity
cx was NaN, cy was Infinity
s.length 1 s=" "
cx now NaN, cy now Infinity
s.length 3 s="102"
cx was NaN, cy was Infinity
cx now NaN, cy now Infinity
s.length 1 s=" "
cx now NaN, cy now Infinity
cx was NaN, cy was Infinity
s.length 3 s="103"
cx now NaN, cy now Infinity
cx was NaN, cy was Infinity
s.length 1 s=" "
cx now NaN, cy now Infinity
cx was NaN, cy was Infinity
cx was NaN, cy was Infinity
s.length 3 s="104"
cx was NaN, cy was Infinity
cx now NaN, cy now Infinity
s.length 1 s=" "
cx now NaN, cy now Infinity
cx was NaN, cy was Infinity
s.length 3 s="105"
cx now NaN, cy now Infinity
cx was NaN, cy was Infinity
s.length 1 s=" "
cx now NaN, cy now Infinity
cx was NaN, cy was Infinity
cx now NaN, cy now Infinity
cx was NaN, cy was Infinity
s.length 1 s=" "
cx now NaN, cy now Infinity
cx was NaN, cy was Infinity
s.length 3 s="106"
s.length 3 s="107"
cx now NaN, cy now Infinity
cx was NaN, cy was Infinity
s.length 1 s=" "
cx now NaN, cy now Infinity
cx was NaN, cy was Infinity
s.length 3 s="108"
cx now NaN, cy now Infinity
cx was NaN, cy was Infinity
s.length 1 s=" "
cx now NaN, cy now Infinity
cx was NaN, cy was Infinity
s.length 3 s="109"
cx now NaN, cy now Infinity
cx was NaN, cy was Infinity
s.length 1 s=" "
cx now NaN, cy now Infinity
cx was NaN, cy was Infinity
s.length 3 s="110"
cx now NaN, cy now Infinity
s.length 1 s=" "
cx now NaN, cy now Infinity
cx was NaN, cy was Infinity
s.length 3 s="111"
cx now NaN, cy now Infinity
cx was NaN, cy was Infinity
cx was NaN, cy was Infinity
s.length 1 s=" "
cx now NaN, cy now Infinity
cx was NaN, cy was Infinity
cx now NaN, cy now Infinity
s.length 3 s="112"
cx was NaN, cy was Infinity
s.length 1 s=" "
cx now NaN, cy now Infinity
cx was NaN, cy was Infinity
cx now NaN, cy now Infinity
s.length 3 s="113"
s.length 1 s=" "
cx now NaN, cy now Infinity
cx was NaN, cy was Infinity
cx now NaN, cy now Infinity
cx was NaN, cy was Infinity
s.length 3 s="114"
cx was NaN, cy was Infinity
s.length 1 s=" "
cx now NaN, cy now Infinity
cx was NaN, cy was Infinity
s.length 3 s="115"
cx now NaN, cy now Infinity
s.length 1 s=" "
cx now NaN, cy now Infinity
cx was NaN, cy was Infinity
cx was NaN, cy was Infinity
s.length 3 s="116"
cx now NaN, cy now Infinity
cx was NaN, cy was Infinity
s.length 1 s=" "
cx now NaN, cy now Infinity
cx was NaN, cy was Infinity
s.length 3 s="117"
cx now NaN, cy now Infinity
cx was NaN, cy was Infinity
s.length 1 s=" "
cx now NaN, cy now Infinity
cx was NaN, cy was Infinity
s.length 3 s="118"
cx now NaN, cy now Infinity
s.length 1 s=" "
cx now NaN, cy now Infinity
cx was NaN, cy was Infinity
cx was NaN, cy was Infinity
s.length 3 s="119"
cx now NaN, cy now Infinity
cx was NaN, cy was Infinity
cx now NaN, cy now Infinity
s.length 1 s=" "
cx was NaN, cy was Infinity
s.length 3 s="120"
cx now NaN, cy now Infinity
cx was NaN, cy was Infinity
s.length 1 s=" "
cx now NaN, cy now Infinity
cx was NaN, cy was Infinity
cx now NaN, cy now Infinity
s.length 1 s=" "
cx was NaN, cy was Infinity
s.length 3 s="121"
cx now NaN, cy now Infinity
cx was NaN, cy was Infinity
cx now NaN, cy now Infinity
cx was NaN, cy was Infinity
s.length 3 s="122"
cx now NaN, cy now Infinity
s.length 1 s=" "
cx was NaN, cy was Infinity
cx was NaN, cy was Infinity
s.length 3 s="123"
cx now NaN, cy now Infinity
s.length 1 s=" "
cx now NaN, cy now Infinity
cx now NaN, cy now Infinity
cx was NaN, cy was Infinity
s.length 1 s="
"
cx was NaN, cy was Infinity
s.length 3 s="124"
cx now NaN, cy now Infinity
cx was NaN, cy was Infinity
s.length 1 s=" "
cx now NaN, cy now Infinity
s.length 3 s="125"
cx now NaN, cy now Infinity
cx was NaN, cy was Infinity
s.length 1 s=" "
cx now NaN, cy now Infinity
cx was NaN, cy was Infinity
cx was NaN, cy was Infinity
s.length 3 s="126"
cx now NaN, cy now Infinity
cx was NaN, cy was Infinity
s.length 1 s=" "
cx was NaN, cy was Infinity
s.length 3 s="127"
cx now NaN, cy now Infinity
cx now NaN, cy now Infinity
cx was NaN, cy was Infinity
s.length 1 s=" "
cx now NaN, cy now Infinity
cx was NaN, cy was Infinity
s.length 3 s="128"
s.length 1 s=" "
cx now NaN, cy now Infinity
cx now NaN, cy now Infinity
cx was NaN, cy was Infinity
cx was NaN, cy was Infinity
cx now NaN, cy now Infinity
s.length 3 s="129"
cx was NaN, cy was Infinity
cx now NaN, cy now Infinity
cx was NaN, cy was Infinity
s.length 3 s="130"
cx now NaN, cy now Infinity
s.length 1 s=" "
cx was NaN, cy was Infinity
cx now NaN, cy now Infinity
s.length 1 s=" "
cx was NaN, cy was Infinity
s.length 3 s="131"
cx now NaN, cy now Infinity
cx was NaN, cy was Infinity
s.length 1 s=" "
cx now NaN, cy now Infinity
cx was NaN, cy was Infinity
s.length 3 s="132"
cx now NaN, cy now Infinity
cx was NaN, cy was Infinity
s.length 1 s=" "
cx now NaN, cy now Infinity
cx was NaN, cy was Infinity
s.length 3 s="133"
cx now NaN, cy now Infinity
cx was NaN, cy was Infinity
cx now NaN, cy now Infinity
s.length 1 s=" "
cx was NaN, cy was Infinity
s.length 3 s="134"
cx was NaN, cy was Infinity
s.length 1 s=" "
cx now NaN, cy now Infinity
cx was NaN, cy was Infinity
s.length 3 s="135"
cx now NaN, cy now Infinity
cx now NaN, cy now Infinity
cx was NaN, cy was Infinity
s.length 1 s=" "
cx now NaN, cy now Infinity
cx was NaN, cy was Infinity
s.length 3 s="136"
cx now NaN, cy now Infinity
cx was NaN, cy was Infinity
s.length 1 s=" "
cx now NaN, cy now Infinity
cx was NaN, cy was Infinity
s.length 3 s="137"
cx was NaN, cy was Infinity
s.length 1 s=" "
cx now NaN, cy now Infinity
cx was NaN, cy was Infinity
cx now NaN, cy now Infinity
s.length 3 s="138"
cx now NaN, cy now Infinity
cx was NaN, cy was Infinity
cx now NaN, cy now Infinity
s.length 3 s="139"
cx now NaN, cy now Infinity
s.length 1 s=" "
cx was NaN, cy was Infinity
s.length 1 s=" "
cx now NaN, cy now Infinity
cx was NaN, cy was Infinity
cx was NaN, cy was Infinity
s.length 3 s="140"
cx now NaN, cy now Infinity
cx now NaN, cy now Infinity
cx was NaN, cy was Infinity
s.length 1 s=" "
s.length 3 s="141"
cx was NaN, cy was Infinity
cx now NaN, cy now Infinity
cx was NaN, cy was Infinity
s.length 1 s=" "
cx now NaN, cy now Infinity
cx was NaN, cy was Infinity
s.length 3 s="142"
cx now NaN, cy now Infinity
cx was NaN, cy was Infinity
s.length 1 s=" "
cx now NaN, cy now Infinity
cx was NaN, cy was Infinity
s.length 3 s="143"
s.length 1 s=" "
cx was NaN, cy was Infinity
cx now NaN, cy now Infinity
cx was NaN, cy was Infinity
s.length 3 s="144"
cx now NaN, cy now Infinity
cx was NaN, cy was Infinity
s.length 1 s=" "
cx now NaN, cy now Infinity
cx now NaN, cy now Infinity
s.length 3 s="145"
cx was NaN, cy was Infinity
cx was NaN, cy was Infinity
cx now NaN, cy now Infinity
s.length 1 s=" "
cx now NaN, cy now Infinity
cx was NaN, cy was Infinity
cx now NaN, cy now Infinity
s.length 3 s="146"
s.length 1 s=" "
cx was NaN, cy was Infinity
cx now NaN, cy now Infinity
cx was NaN, cy was Infinity
s.length 3 s="147"
cx was NaN, cy was Infinity
s.length 1 s=" "
cx now NaN, cy now Infinity
cx now NaN, cy now Infinity
cx was NaN, cy was Infinity
s.length 3 s="148"
cx now NaN, cy now Infinity
cx was NaN, cy was Infinity
s.length 1 s=" "
cx now NaN, cy now Infinity
cx was NaN, cy was Infinity
cx now NaN, cy now Infinity
s.length 3 s="149"
cx was NaN, cy was Infinity
s.length 1 s=" "
cx now NaN, cy now Infinity
cx now NaN, cy now Infinity
cx was NaN, cy was Infinity
s.length 3 s="150"
cx was NaN, cy was Infinity
cx now NaN, cy now Infinity
s.length 1 s=" "
cx was NaN, cy was Infinity
s.length 3 s="151"
cx now NaN, cy now Infinity
s.length 1 s=" "
cx was NaN, cy was Infinity
cx now NaN, cy now Infinity
s.length 3 s="152"
cx now NaN, cy now Infinity
cx was NaN, cy was Infinity
cx was NaN, cy was Infinity
cx now NaN, cy now Infinity
s.length 1 s=" "
cx was NaN, cy was Infinity
cx now NaN, cy now Infinity
s.length 3 s="153"
s.length 1 s=" "
cx now NaN, cy now Infinity
cx was NaN, cy was Infinity
cx was NaN, cy was Infinity
s.length 3 s="154"
cx now NaN, cy now Infinity
cx was NaN, cy was Infinity
cx now NaN, cy now Infinity
cx was NaN, cy was Infinity
s.length 3 s="155"
cx now NaN, cy now Infinity
cx was NaN, cy was Infinity
cx now NaN, cy now Infinity
s.length 1 s=" "
s.length 1 s=" "
cx was NaN, cy was Infinity
cx now NaN, cy now Infinity
cx was NaN, cy was Infinity
s.length 3 s="156"
cx now NaN, cy now Infinity
s.length 1 s=" "
cx was NaN, cy was Infinity
cx now NaN, cy now Infinity
cx was NaN, cy was Infinity
s.length 3 s="157"
cx now NaN, cy now Infinity
cx was NaN, cy was Infinity
s.length 1 s=" "
s.length 3 s="158"
cx now NaN, cy now Infinity
cx was NaN, cy was Infinity
cx now NaN, cy now Infinity
cx was NaN, cy was Infinity
s.length 3 s="159"
s.length 1 s=" "
cx now NaN, cy now Infinity
cx was NaN, cy was Infinity
s.length 1 s=" "
cx now NaN, cy now Infinity
cx was NaN, cy was Infinity
s.length 1 s="
"
cx now NaN, cy now Infinity
cx was NaN, cy was Infinity
cx now NaN, cy now Infinity
s.length 3 s="160"
s.length 1 s=" "
cx now NaN, cy now Infinity
cx was NaN, cy was Infinity
cx was NaN, cy was Infinity
cx now NaN, cy now Infinity
s.length 3 s="161"
s.length 1 s=" "
cx now NaN, cy now Infinity
cx was NaN, cy was Infinity
cx was NaN, cy was Infinity
s.length 3 s="162"
cx now NaN, cy now Infinity
cx was NaN, cy was Infinity
s.length 1 s=" "
cx now NaN, cy now Infinity
cx was NaN, cy was Infinity
s.length 3 s="163"
cx now NaN, cy now Infinity
cx was NaN, cy was Infinity
s.length 1 s=" "
cx now NaN, cy now Infinity
cx was NaN, cy was Infinity
cx now NaN, cy now Infinity
cx was NaN, cy was Infinity
cx now NaN, cy now Infinity
s.length 1 s=" "
cx was NaN, cy was Infinity
s.length 3 s="164"
s.length 3 s="165"
cx now NaN, cy now Infinity
